[Licensing::Module] Successfully connected to LicensingClient on channel: LicenseClient-junhyunpark
Entitlement-based licensing initiated
[LicensingClient] Licenses Updated successfully in LicensingClient

LICENSE SYSTEM [2020819 22:16:51] Next license update check is after 2020-08-11T13:43:18

Built from '2019.3/release' branch; Version is '2019.3.13f1 (d4ddf0d95db9) revision 13950448'; Using compiler version '191627012'
OS: 'Windows 10  (10.0.0) 64bit' Language: 'ko' Physical Memory: 16306 MB
[Licensing::Module] Serial number assigned to: "SC-GST5-UEZC-Z7FU-4M7G-XXXX"\nBatchMode: 1, IsHumanControllingUs: 0, StartBugReporterOnCrash: 0, Is64bit: 1, IsPro: 1

 COMMAND LINE ARGUMENTS:
C:\Program Files\2019.3.13f1\Editor\Unity.exe
-adb2
-batchMode
-noUpm
-name
AssetImportWorker0
-projectPath
C:/Users/junhyunpark/Unity Projects/Pixel-Horror-Game
-logFile
Library/AssetImportWorker0.log
-srvPort
58474
Successfully changed project path to: C:/Users/junhyunpark/Unity Projects/Pixel-Horror-Game
C:/Users/junhyunpark/Unity Projects/Pixel-Horror-Game
Using Asset Import Pipeline V2.
Refreshing native plugins compatible for Editor in 89.01 ms, found 0 plugins.
Preloading 0 native plugins for Editor in 0.00 ms.
Initialize engine version: 2019.3.13f1 (d4ddf0d95db9)
[Subsystems] Discovering subsystems at path C:/Program Files/2019.3.13f1/Editor/Data/Resources/UnitySubsystems
[Subsystems] Discovering subsystems at path C:/Users/junhyunpark/Unity Projects/Pixel-Horror-Game/Assets
GfxDevice: creating device client; threaded=0
Direct3D:
    Version:  Direct3D 11.0 [level 11.1]
    Renderer: NVIDIA GeForce GTX 1060 3GB (ID=0x1c02)
    Vendor:   
    VRAM:     2988 MB
    Driver:   26.21.14.4614
Initialize mono
Mono path[0] = 'C:/Program Files/2019.3.13f1/Editor/Data/Managed'
Mono path[1] = 'C:/Program Files/2019.3.13f1/Editor/Data/MonoBleedingEdge/lib/mono/unityjit'
Mono config path = 'C:/Program Files/2019.3.13f1/Editor/Data/MonoBleedingEdge/etc'
Using monoOptions --debugger-agent=transport=dt_socket,embedding=1,server=y,suspend=n,address=127.0.0.1:56716
Begin MonoManager ReloadAssembly
Registering precompiled unity dll's ...
Register platform support module: C:/Program Files/2019.3.13f1/Editor/Data/PlaybackEngines/WindowsStandaloneSupport/UnityEditor.WindowsStandalone.Extensions.dll
Register platform support module: C:/Program Files/2019.3.13f1/Editor/Data/PlaybackEngines/AndroidPlayer/UnityEditor.Android.Extensions.dll
Registered in 0.005195 seconds.
Native extension for Android target not found
Native extension for WindowsStandalone target not found
Refreshing native plugins compatible for Editor in 23.62 ms, found 0 plugins.
Preloading 0 native plugins for Editor in 0.00 ms.
Unable to find bridge dll in registry for Microsoft Visual Studio Tools for Unity for C:/Program Files (x86)/Microsoft Visual Studio/2019/Community/Common7/IDE/devenv.exe
Mono: successfully reloaded assembly
- Completed reload, in  1.850 seconds
Registering precompiled user dll's ...
Registered in 0.155409 seconds.
Platform modules already initialized, skipping
Begin MonoManager ReloadAssembly
Symbol file LoadedFromMemory doesn't match image C:\Users\junhyunpark\Unity Projects\Pixel-Horror-Game\Library\PackageCache\com.unity.ext.nunit@1.0.0\net35\unity-custom\nunit.framework.dll
Native extension for Android target not found
Native extension for WindowsStandalone target not found
Refreshing native plugins compatible for Editor in 25.26 ms, found 0 plugins.
Preloading 0 native plugins for Editor in 0.00 ms.
Unable to find bridge dll in registry for Microsoft Visual Studio Tools for Unity for C:/Program Files (x86)/Microsoft Visual Studio/2019/Community/Common7/IDE/devenv.exe
Mono: successfully reloaded assembly
- Completed reload, in  0.901 seconds
Platform modules already initialized, skipping
========================================================================
Worker process is ready to serve import requests
Refreshing native plugins compatible for Editor in 0.37 ms, found 0 plugins.
Preloading 0 native plugins for Editor in 0.00 ms.
Unloading 1471 Unused Serialized files (Serialized files now loaded: 0)
System memory in use before: 85.0 MB.
System memory in use after: 84.1 MB.

Unloading 16 unused Assets to reduce memory usage. Loaded Objects now: 1885.
Total: 1.966800 ms (FindLiveObjects: 0.303100 ms CreateObjectMapping: 0.050200 ms MarkObjects: 0.982000 ms  DeleteObjects: 0.630800 ms)

========================================================================
Received Import Request.
  path: Assets/SoundEffects/keypadBeep1.mp3
  artifactKey: Guid(07369478a46228247868ba7165c20d66) Importer(2089858483,3291a93977bff14cd8133371a99a42d2)
Start importing Assets/SoundEffects/keypadBeep1.mp3 using Guid(07369478a46228247868ba7165c20d66) Importer(2089858483,3291a93977bff14cd8133371a99a42d2)

Generated asset (ASIEI01) VirtualArtifacts/NamedExtra/e73ef39e96f2c19468c29626678ee633.asset.1.index for Assets/SoundEffects/keypadBeep1.mp3 with Types
Done importing asset: 'Assets/SoundEffects/keypadBeep1.mp3' (target hash: '97dbf0ac5de0a172d634a33e0947a175') in 0.161883 seconds
  Import took 0.165232 seconds.

========================================================================
Received Import Request.
  Time since last request: 0.000461 seconds.
  path: Assets/SoundEffects/safe_unlocked.mp3
  artifactKey: Guid(b1bd8225411024047a8534e49a182f8c) Importer(2089858483,3291a93977bff14cd8133371a99a42d2)
Start importing Assets/SoundEffects/safe_unlocked.mp3 using Guid(b1bd8225411024047a8534e49a182f8c) Importer(2089858483,3291a93977bff14cd8133371a99a42d2)

Generated asset (ASIEI01) VirtualArtifacts/NamedExtra/1ba20a81011610c44b01513a3e361611.asset.1.index for Assets/SoundEffects/safe_unlocked.mp3 with Types
Done importing asset: 'Assets/SoundEffects/safe_unlocked.mp3' (target hash: 'ec5515be5c863d45ce917cf2e5af32ae') in 0.015392 seconds
  Import took 0.021708 seconds.

========================================================================
Received Import Request.
  Time since last request: 0.000402 seconds.
  path: Assets/SoundEffects/LoudNoiseIntroLoop.wav
  artifactKey: Guid(efb88ca85848e7c48a9bdbb9e2017acc) Importer(2089858483,3291a93977bff14cd8133371a99a42d2)
Start importing Assets/SoundEffects/LoudNoiseIntroLoop.wav using Guid(efb88ca85848e7c48a9bdbb9e2017acc) Importer(2089858483,3291a93977bff14cd8133371a99a42d2)

Generated asset (ASIEI01) VirtualArtifacts/NamedExtra/4f954298db15b1b4e942e7365a437e6b.asset.1.index for Assets/SoundEffects/LoudNoiseIntroLoop.wav with Types
Done importing asset: 'Assets/SoundEffects/LoudNoiseIntroLoop.wav' (target hash: 'fab0f732220e2ee11ed09e1501c386d3') in 0.120712 seconds
  Import took 0.123815 seconds.

========================================================================
Received Import Request.
  Time since last request: 0.000379 seconds.
  path: Assets/SoundEffects/door_creak4.wav
  artifactKey: Guid(a5eb95312f4ee5149abc8b8b39db8c61) Importer(2089858483,3291a93977bff14cd8133371a99a42d2)
Start importing Assets/SoundEffects/door_creak4.wav using Guid(a5eb95312f4ee5149abc8b8b39db8c61) Importer(2089858483,3291a93977bff14cd8133371a99a42d2)

Generated asset (ASIEI01) VirtualArtifacts/NamedExtra/bd45d20df9f0efa46a4b46f38e0016a8.asset.1.index for Assets/SoundEffects/door_creak4.wav with Types
Done importing asset: 'Assets/SoundEffects/door_creak4.wav' (target hash: 'a21391489eea656d697bbc4401e3addb') in 0.009935 seconds
  Import took 0.012998 seconds.

========================================================================
Received Import Request.
  Time since last request: 0.000389 seconds.
  path: Assets/arrayOfKeys.cs
  artifactKey: Guid(956f1ceb8bca6704983f5807ee8306d4) Importer(2089858483,3291a93977bff14cd8133371a99a42d2)
Start importing Assets/arrayOfKeys.cs using Guid(956f1ceb8bca6704983f5807ee8306d4) Importer(2089858483,3291a93977bff14cd8133371a99a42d2)

Generated asset (ASIEI01) VirtualArtifacts/NamedExtra/b7d8faa7f09923848bc3e985bc9c06b7.asset.1.index for Assets/arrayOfKeys.cs with Types
Done importing asset: 'Assets/arrayOfKeys.cs' (target hash: '99b28f3f00eff7779c148ce06cb9084d') in 0.016405 seconds
  Import took 0.019588 seconds.

========================================================================
Received Import Request.
  Time since last request: 0.000362 seconds.
  path: Assets/Environment/Materials/livingRoomQuiz.mat
  artifactKey: Guid(dd3c168f73cc638498a0725aedc0b352) Importer(2089858483,3291a93977bff14cd8133371a99a42d2)
Start importing Assets/Environment/Materials/livingRoomQuiz.mat using Guid(dd3c168f73cc638498a0725aedc0b352) Importer(2089858483,3291a93977bff14cd8133371a99a42d2)

Generated asset (ASIEI01) VirtualArtifacts/NamedExtra/f3d8c4e7f9952854193b9d88d0b91c5f.asset.1.index for Assets/Environment/Materials/livingRoomQuiz.mat with Types
Done importing asset: 'Assets/Environment/Materials/livingRoomQuiz.mat' (target hash: '46a39c071db6e3f82232c6edea840adc') in 0.031972 seconds
  Import took 0.035098 seconds.

========================================================================
Received Import Request.
  Time since last request: 0.000363 seconds.
  path: Assets/Scripts/DoorScript.cs
  artifactKey: Guid(f9c9a2c301e5e7a4fb8b5620f8441bc9) Importer(2089858483,3291a93977bff14cd8133371a99a42d2)
Start importing Assets/Scripts/DoorScript.cs using Guid(f9c9a2c301e5e7a4fb8b5620f8441bc9) Importer(2089858483,3291a93977bff14cd8133371a99a42d2)

Generated asset (ASIEI01) VirtualArtifacts/NamedExtra/a6e8360f0f7e7774881a69d4545f4e97.asset.1.index for Assets/Scripts/DoorScript.cs with Types
Done importing asset: 'Assets/Scripts/DoorScript.cs' (target hash: '9c206616d70aafa7035bfe73b6e0d49b') in 0.009327 seconds
  Import took 0.012501 seconds.

========================================================================
Received Import Request.
  Time since last request: 0.000406 seconds.
  path: Assets/Scripts/getKey.cs
  artifactKey: Guid(148bc62b1fbd8c84397ed283aebe8cd0) Importer(2089858483,3291a93977bff14cd8133371a99a42d2)
Start importing Assets/Scripts/getKey.cs using Guid(148bc62b1fbd8c84397ed283aebe8cd0) Importer(2089858483,3291a93977bff14cd8133371a99a42d2)

Generated asset (ASIEI01) VirtualArtifacts/NamedExtra/a3b35dc6038af3c4f83b1ad6b82b2168.asset.1.index for Assets/Scripts/getKey.cs with Types
Done importing asset: 'Assets/Scripts/getKey.cs' (target hash: 'a6f44b9a3aee343691aee80f2d9162c6') in 0.010027 seconds
  Import took 0.013063 seconds.

========================================================================
Received Import Request.
  Time since last request: 0.000395 seconds.
  path: Assets/SoundEffects/Loud noise 3_Loop.wav
  artifactKey: Guid(e9cccadc6aee74d4ca2b1734c70c6512) Importer(2089858483,3291a93977bff14cd8133371a99a42d2)
Start importing Assets/SoundEffects/Loud noise 3_Loop.wav using Guid(e9cccadc6aee74d4ca2b1734c70c6512) Importer(2089858483,3291a93977bff14cd8133371a99a42d2)

Generated asset (ASIEI01) VirtualArtifacts/NamedExtra/a26bfbdfee4bc6445bb704ef2ea11a8e.asset.1.index for Assets/SoundEffects/Loud noise 3_Loop.wav with Types
Done importing asset: 'Assets/SoundEffects/Loud noise 3_Loop.wav' (target hash: '2f075c35396f7f39674886a353067fde') in 0.010970 seconds
  Import took 0.014369 seconds.

========================================================================
Received Import Request.
  Time since last request: 0.000401 seconds.
  path: Assets/SoundEffects/keychain.mp3
  artifactKey: Guid(42bc149b3acf84048bdefe4b33a4d558) Importer(2089858483,3291a93977bff14cd8133371a99a42d2)
Start importing Assets/SoundEffects/keychain.mp3 using Guid(42bc149b3acf84048bdefe4b33a4d558) Importer(2089858483,3291a93977bff14cd8133371a99a42d2)

Generated asset (ASIEI01) VirtualArtifacts/NamedExtra/a3024c13f43596e4ca10916f8e587d4b.asset.1.index for Assets/SoundEffects/keychain.mp3 with Types
Done importing asset: 'Assets/SoundEffects/keychain.mp3' (target hash: 'b1f6fe2d69c799152440729c1f752ed6') in 0.010490 seconds
  Import took 0.013714 seconds.

========================================================================
Received Import Request.
  Time since last request: 0.000378 seconds.
  path: Assets/playOpenSafeSound.cs
  artifactKey: Guid(f60275065cbd61b488d9e7f1fe06946f) Importer(2089858483,3291a93977bff14cd8133371a99a42d2)
Start importing Assets/playOpenSafeSound.cs using Guid(f60275065cbd61b488d9e7f1fe06946f) Importer(2089858483,3291a93977bff14cd8133371a99a42d2)

Generated asset (ASIEI01) VirtualArtifacts/NamedExtra/428e3d99d5a84d64aa30d917522ea3f1.asset.1.index for Assets/playOpenSafeSound.cs with Types
Done importing asset: 'Assets/playOpenSafeSound.cs' (target hash: 'ef4c74479ee98e23ec93ef11ac74e4b8') in 0.016379 seconds
  Import took 0.019279 seconds.

========================================================================
Received Import Request.
  Time since last request: 0.000364 seconds.
  path: Assets/Prefabs/Door.prefab
  artifactKey: Guid(3b9af61ce9b0f2c449ca12141a667756) Importer(2089858483,3291a93977bff14cd8133371a99a42d2)
Start importing Assets/Prefabs/Door.prefab using Guid(3b9af61ce9b0f2c449ca12141a667756) Importer(2089858483,3291a93977bff14cd8133371a99a42d2)

Generated asset (ASIEI01) VirtualArtifacts/NamedExtra/c40566fe6a05f0a46be62681229cf974.asset.1.index for Assets/Prefabs/Door.prefab with Types
Done importing asset: 'Assets/Prefabs/Door.prefab' (target hash: '41e22840cff2140113700b5add025aa8') in 0.016726 seconds
  Import took 0.020339 seconds.

========================================================================
Received Import Request.
  Time since last request: 0.000430 seconds.
  path: Assets/SoundEffects/locked_door.wav
  artifactKey: Guid(4749a805a686e744f8a75ac345bfaf5f) Importer(2089858483,3291a93977bff14cd8133371a99a42d2)
Start importing Assets/SoundEffects/locked_door.wav using Guid(4749a805a686e744f8a75ac345bfaf5f) Importer(2089858483,3291a93977bff14cd8133371a99a42d2)

Generated asset (ASIEI01) VirtualArtifacts/NamedExtra/977eea4567ba9ac47bc72a579e7d808f.asset.1.index for Assets/SoundEffects/locked_door.wav with Types
Done importing asset: 'Assets/SoundEffects/locked_door.wav' (target hash: 'a0600d9b9376e14ead1c5946bfe4b833') in 0.012067 seconds
  Import took 0.015322 seconds.

========================================================================
Received Import Request.
  Time since last request: 0.000413 seconds.
  path: Assets/SoundEffects/bad_beep_incorrect.mp3
  artifactKey: Guid(6357f534280aa7a4eb0c23e433928b69) Importer(2089858483,3291a93977bff14cd8133371a99a42d2)
Start importing Assets/SoundEffects/bad_beep_incorrect.mp3 using Guid(6357f534280aa7a4eb0c23e433928b69) Importer(2089858483,3291a93977bff14cd8133371a99a42d2)

Generated asset (ASIEI01) VirtualArtifacts/NamedExtra/508c6e82f1e79644aadf0fc296d229e7.asset.1.index for Assets/SoundEffects/bad_beep_incorrect.mp3 with Types
Done importing asset: 'Assets/SoundEffects/bad_beep_incorrect.mp3' (target hash: 'f5fb380aac7da13e475bff504ee15d22') in 0.011020 seconds
  Import took 0.014263 seconds.

========================================================================
Received Import Request.
  Time since last request: 0.000456 seconds.
  path: Assets/Scenes/MainScene.unity
  artifactKey: Guid(9fc0d4010bbf28b4594072e72b8655ab) Importer(2089858483,3291a93977bff14cd8133371a99a42d2)
Start importing Assets/Scenes/MainScene.unity using Guid(9fc0d4010bbf28b4594072e72b8655ab) Importer(2089858483,3291a93977bff14cd8133371a99a42d2)

Generated asset (ASIEI01) VirtualArtifacts/NamedExtra/a5fa40f16a27af64b875e7f367b17845.asset.1.index for Assets/Scenes/MainScene.unity with Types
Done importing asset: 'Assets/Scenes/MainScene.unity' (target hash: 'bf60f4accec1eb9af06c305e8c0c6025') in 0.011506 seconds
  Import took 0.014883 seconds.

========================================================================
Received Import Request.
  Time since last request: 0.000388 seconds.
  path: Assets/Scripts/setActive.cs
  artifactKey: Guid(8706fc0c1be29bb43b4d72b5eb4bffcf) Importer(2089858483,3291a93977bff14cd8133371a99a42d2)
Start importing Assets/Scripts/setActive.cs using Guid(8706fc0c1be29bb43b4d72b5eb4bffcf) Importer(2089858483,3291a93977bff14cd8133371a99a42d2)

Generated asset (ASIEI01) VirtualArtifacts/NamedExtra/552475bbdf6bd6c4c9a6f078c2495187.asset.1.index for Assets/Scripts/setActive.cs with Types
Done importing asset: 'Assets/Scripts/setActive.cs' (target hash: 'ed8d88bee718351855cbff9ce1679a04') in 0.009762 seconds
  Import took 0.013093 seconds.

========================================================================
Received Import Request.
  Time since last request: 0.000400 seconds.
  path: Assets/Scripts/PushButton.cs
  artifactKey: Guid(e1394a89fd555674bb76e4a24e59e060) Importer(2089858483,3291a93977bff14cd8133371a99a42d2)
Start importing Assets/Scripts/PushButton.cs using Guid(e1394a89fd555674bb76e4a24e59e060) Importer(2089858483,3291a93977bff14cd8133371a99a42d2)

Generated asset (ASIEI01) VirtualArtifacts/NamedExtra/51f887e5a0d03d34bbcc595efc60f4b5.asset.1.index for Assets/Scripts/PushButton.cs with Types
Done importing asset: 'Assets/Scripts/PushButton.cs' (target hash: 'ad27d1c6ae9a0790b3b72fded4ca6170') in 0.010173 seconds
  Import took 0.013306 seconds.

========================================================================
Received Import Request.
  Time since last request: 0.000380 seconds.
  path: Assets/SoundEffects/door_unlock.wav
  artifactKey: Guid(227b7aca106c32a4aaaef822950600ab) Importer(2089858483,3291a93977bff14cd8133371a99a42d2)
Start importing Assets/SoundEffects/door_unlock.wav using Guid(227b7aca106c32a4aaaef822950600ab) Importer(2089858483,3291a93977bff14cd8133371a99a42d2)

Generated asset (ASIEI01) VirtualArtifacts/NamedExtra/77d6d37b72eef3f418b861efe4637bf9.asset.1.index for Assets/SoundEffects/door_unlock.wav with Types
Done importing asset: 'Assets/SoundEffects/door_unlock.wav' (target hash: '2cccf8282eace933fcf6633d5e1540a3') in 0.010761 seconds
  Import took 0.014206 seconds.

========================================================================
Received Import Request.
  Time since last request: 0.000398 seconds.
  path: Assets/Environment/livingRoomQuiz.png
  artifactKey: Guid(8b1d80b09e408fe4f94822f9b494ae16) Importer(2089858483,3291a93977bff14cd8133371a99a42d2)
Start importing Assets/Environment/livingRoomQuiz.png using Guid(8b1d80b09e408fe4f94822f9b494ae16) Importer(2089858483,3291a93977bff14cd8133371a99a42d2)

Generated asset (ASIEI01) VirtualArtifacts/NamedExtra/075569617186448448ccda122b563578.asset.1.index for Assets/Environment/livingRoomQuiz.png with Types
Done importing asset: 'Assets/Environment/livingRoomQuiz.png' (target hash: '625b1b44ba2e43883a12f3a1185343e6') in 0.035531 seconds
  Import took 0.038855 seconds.

========================================================================
Received Import Request.
  Time since last request: 0.000353 seconds.
  path: Assets/quizUI.cs
  artifactKey: Guid(aa400bfeaacdf1d4580979abc2075651) Importer(2089858483,3291a93977bff14cd8133371a99a42d2)
Start importing Assets/quizUI.cs using Guid(aa400bfeaacdf1d4580979abc2075651) Importer(2089858483,3291a93977bff14cd8133371a99a42d2)

Generated asset (ASIEI01) VirtualArtifacts/NamedExtra/4ad2159072ee26d40b659ae4e2ce9f03.asset.1.index for Assets/quizUI.cs with Types
Done importing asset: 'Assets/quizUI.cs' (target hash: '36c98cad52808b2b20dd1eb130f3a7c6') in 0.009846 seconds
  Import took 0.012941 seconds.

========================================================================
Received Import Request.
  Time since last request: 0.000407 seconds.
  path: Assets/Scripts/footSteps.cs
  artifactKey: Guid(0346d21226cebb8479ba176a03665e6d) Importer(2089858483,3291a93977bff14cd8133371a99a42d2)
Start importing Assets/Scripts/footSteps.cs using Guid(0346d21226cebb8479ba176a03665e6d) Importer(2089858483,3291a93977bff14cd8133371a99a42d2)

Generated asset (ASIEI01) VirtualArtifacts/NamedExtra/aef370e0a7bf3664e841db4f1d244369.asset.1.index for Assets/Scripts/footSteps.cs with Types
Done importing asset: 'Assets/Scripts/footSteps.cs' (target hash: '0f87b3de9e36f80758c6a73c201c4610') in 0.010672 seconds
  Import took 0.013736 seconds.

========================================================================
Received Import Request.
  Time since last request: 0.000385 seconds.
  path: Assets/SoundEffects/Loud noise 3.wav
  artifactKey: Guid(db9154981a9a44b4494f315678fe79f2) Importer(2089858483,3291a93977bff14cd8133371a99a42d2)
Start importing Assets/SoundEffects/Loud noise 3.wav using Guid(db9154981a9a44b4494f315678fe79f2) Importer(2089858483,3291a93977bff14cd8133371a99a42d2)

Generated asset (ASIEI01) VirtualArtifacts/NamedExtra/5eb72da1955ac85429b86ff948d12317.asset.1.index for Assets/SoundEffects/Loud noise 3.wav with Types
Done importing asset: 'Assets/SoundEffects/Loud noise 3.wav' (target hash: 'ce72968c28f8c2f9c4b7d4175cb1e01c') in 0.010535 seconds
  Import took 0.013732 seconds.

========================================================================
Received Import Request.
  Time since last request: 0.000339 seconds.
  path: Assets/SoundEffects/flashlight-click.wav
  artifactKey: Guid(5b5330dfd070f934e95ab03cec2b4a37) Importer(2089858483,3291a93977bff14cd8133371a99a42d2)
Start importing Assets/SoundEffects/flashlight-click.wav using Guid(5b5330dfd070f934e95ab03cec2b4a37) Importer(2089858483,3291a93977bff14cd8133371a99a42d2)

Generated asset (ASIEI01) VirtualArtifacts/NamedExtra/1cfbbd114de11074684f71e48a26a4e2.asset.1.index for Assets/SoundEffects/flashlight-click.wav with Types
Done importing asset: 'Assets/SoundEffects/flashlight-click.wav' (target hash: 'eb131897b15b9145cf28dda65aeabcde') in 0.010655 seconds
  Import took 0.013740 seconds.

========================================================================
Received Import Request.
  Time since last request: 0.000368 seconds.
  path: Assets/Scripts/Player/FlashlightControl.cs
  artifactKey: Guid(87cc3f9e895a7a441923dd7dc992f347) Importer(2089858483,3291a93977bff14cd8133371a99a42d2)
Start importing Assets/Scripts/Player/FlashlightControl.cs using Guid(87cc3f9e895a7a441923dd7dc992f347) Importer(2089858483,3291a93977bff14cd8133371a99a42d2)

Generated asset (ASIEI01) VirtualArtifacts/NamedExtra/023759d49bf4b304ea57701f76b73107.asset.1.index for Assets/Scripts/Player/FlashlightControl.cs with Types
Done importing asset: 'Assets/Scripts/Player/FlashlightControl.cs' (target hash: '225e6e4a36106314706b6cf65f9d9289') in 0.011455 seconds
  Import took 0.014623 seconds.

========================================================================
Received Prepare
Reloading mono domain
Begin MonoManager ReloadAssembly
Registering precompiled unity dll's ...
Register platform support module: C:/Program Files/2019.3.13f1/Editor/Data/PlaybackEngines/WindowsStandaloneSupport/UnityEditor.WindowsStandalone.Extensions.dll
Register platform support module: C:/Program Files/2019.3.13f1/Editor/Data/PlaybackEngines/AndroidPlayer/UnityEditor.Android.Extensions.dll
Registered in 0.004815 seconds.
Symbol file LoadedFromMemory doesn't match image C:\Users\junhyunpark\Unity Projects\Pixel-Horror-Game\Library\PackageCache\com.unity.ext.nunit@1.0.0\net35\unity-custom\nunit.framework.dll
Native extension for Android target not found
Native extension for WindowsStandalone target not found
Refreshing native plugins compatible for Editor in 28.56 ms, found 0 plugins.
Preloading 0 native plugins for Editor in 0.00 ms.
Unable to find bridge dll in registry for Microsoft Visual Studio Tools for Unity for C:/Program Files (x86)/Microsoft Visual Studio/2019/Community/Common7/IDE/devenv.exe
Unable to find bridge dll in registry for Microsoft Visual Studio Tools for Unity for C:/Program Files (x86)/Microsoft Visual Studio/2019/Community/Common7/IDE/devenv.exe
Mono: successfully reloaded assembly
- Completed reload, in  1.203 seconds
Registering precompiled user dll's ...
Registered in 0.114782 seconds.
Platform modules already initialized, skipping
Begin MonoManager ReloadAssembly
Symbol file LoadedFromMemory doesn't match image C:\Users\junhyunpark\Unity Projects\Pixel-Horror-Game\Library\PackageCache\com.unity.ext.nunit@1.0.0\net35\unity-custom\nunit.framework.dll
Native extension for Android target not found
Native extension for WindowsStandalone target not found
Refreshing native plugins compatible for Editor in 0.46 ms, found 0 plugins.
Preloading 0 native plugins for Editor in 0.00 ms.
Unable to find bridge dll in registry for Microsoft Visual Studio Tools for Unity for C:/Program Files (x86)/Microsoft Visual Studio/2019/Community/Common7/IDE/devenv.exe
Unable to find bridge dll in registry for Microsoft Visual Studio Tools for Unity for C:/Program Files (x86)/Microsoft Visual Studio/2019/Community/Common7/IDE/devenv.exe
Mono: successfully reloaded assembly
- Completed reload, in  1.021 seconds
Platform modules already initialized, skipping
Refreshing native plugins compatible for Editor in 0.28 ms, found 0 plugins.
Preloading 0 native plugins for Editor in 0.00 ms.
Unloading 17 Unused Serialized files (Serialized files now loaded: 0)
System memory in use before: 56.1 MB.
System memory in use after: 55.2 MB.

Unloading 18 unused Assets to reduce memory usage. Loaded Objects now: 1891.
Total: 2.352600 ms (FindLiveObjects: 0.545500 ms CreateObjectMapping: 0.081700 ms MarkObjects: 1.051800 ms  DeleteObjects: 0.672700 ms)

========================================================================
Received Import Request.
  Time since last request: 6456.504974 seconds.
  path: Assets/Scripts/PushButton.cs
  artifactKey: Guid(e1394a89fd555674bb76e4a24e59e060) Importer(2089858483,3291a93977bff14cd8133371a99a42d2)
Start importing Assets/Scripts/PushButton.cs using Guid(e1394a89fd555674bb76e4a24e59e060) Importer(2089858483,3291a93977bff14cd8133371a99a42d2)

Generated asset (ASIEI01) VirtualArtifacts/NamedExtra/45e19cd632bae904697ef954fa3ad93b.asset.1.index for Assets/Scripts/PushButton.cs with Types
Done importing asset: 'Assets/Scripts/PushButton.cs' (target hash: '8f3c4c138c68dfa883bc413aed8f93af') in 0.066605 seconds
  Import took 0.070157 seconds.

========================================================================
Received Prepare
Reloading mono domain
Begin MonoManager ReloadAssembly
Registering precompiled unity dll's ...
Register platform support module: C:/Program Files/2019.3.13f1/Editor/Data/PlaybackEngines/WindowsStandaloneSupport/UnityEditor.WindowsStandalone.Extensions.dll
Register platform support module: C:/Program Files/2019.3.13f1/Editor/Data/PlaybackEngines/AndroidPlayer/UnityEditor.Android.Extensions.dll
Registered in 0.003913 seconds.
Symbol file LoadedFromMemory doesn't match image C:\Users\junhyunpark\Unity Projects\Pixel-Horror-Game\Library\PackageCache\com.unity.ext.nunit@1.0.0\net35\unity-custom\nunit.framework.dll
Native extension for Android target not found
Native extension for WindowsStandalone target not found
Refreshing native plugins compatible for Editor in 24.00 ms, found 0 plugins.
Preloading 0 native plugins for Editor in 0.00 ms.
Unable to find bridge dll in registry for Microsoft Visual Studio Tools for Unity for C:/Program Files (x86)/Microsoft Visual Studio/2019/Community/Common7/IDE/devenv.exe
Unable to find bridge dll in registry for Microsoft Visual Studio Tools for Unity for C:/Program Files (x86)/Microsoft Visual Studio/2019/Community/Common7/IDE/devenv.exe
Unable to find bridge dll in registry for Microsoft Visual Studio Tools for Unity for C:/Program Files (x86)/Microsoft Visual Studio/2019/Community/Common7/IDE/devenv.exe
Mono: successfully reloaded assembly
- Completed reload, in  1.143 seconds
Registering precompiled user dll's ...
Registered in 0.098833 seconds.
Platform modules already initialized, skipping
Begin MonoManager ReloadAssembly
Symbol file LoadedFromMemory doesn't match image C:\Users\junhyunpark\Unity Projects\Pixel-Horror-Game\Library\PackageCache\com.unity.ext.nunit@1.0.0\net35\unity-custom\nunit.framework.dll
Native extension for Android target not found
Native extension for WindowsStandalone target not found
Refreshing native plugins compatible for Editor in 0.33 ms, found 0 plugins.
Preloading 0 native plugins for Editor in 0.00 ms.
Unable to find bridge dll in registry for Microsoft Visual Studio Tools for Unity for C:/Program Files (x86)/Microsoft Visual Studio/2019/Community/Common7/IDE/devenv.exe
Unable to find bridge dll in registry for Microsoft Visual Studio Tools for Unity for C:/Program Files (x86)/Microsoft Visual Studio/2019/Community/Common7/IDE/devenv.exe
Unable to find bridge dll in registry for Microsoft Visual Studio Tools for Unity for C:/Program Files (x86)/Microsoft Visual Studio/2019/Community/Common7/IDE/devenv.exe
Mono: successfully reloaded assembly
- Completed reload, in  1.028 seconds
Platform modules already initialized, skipping
Refreshing native plugins compatible for Editor in 0.36 ms, found 0 plugins.
Preloading 0 native plugins for Editor in 0.00 ms.
Unloading 17 Unused Serialized files (Serialized files now loaded: 0)
System memory in use before: 56.0 MB.
System memory in use after: 55.2 MB.

Unloading 16 unused Assets to reduce memory usage. Loaded Objects now: 1897.
Total: 2.205100 ms (FindLiveObjects: 0.380200 ms CreateObjectMapping: 0.056400 ms MarkObjects: 1.136700 ms  DeleteObjects: 0.630600 ms)

========================================================================
Received Prepare
Reloading mono domain
Begin MonoManager ReloadAssembly
Registering precompiled unity dll's ...
Register platform support module: C:/Program Files/2019.3.13f1/Editor/Data/PlaybackEngines/WindowsStandaloneSupport/UnityEditor.WindowsStandalone.Extensions.dll
Register platform support module: C:/Program Files/2019.3.13f1/Editor/Data/PlaybackEngines/AndroidPlayer/UnityEditor.Android.Extensions.dll
Registered in 0.006588 seconds.
Symbol file LoadedFromMemory doesn't match image C:\Users\junhyunpark\Unity Projects\Pixel-Horror-Game\Library\PackageCache\com.unity.ext.nunit@1.0.0\net35\unity-custom\nunit.framework.dll
Native extension for Android target not found
Native extension for WindowsStandalone target not found
Refreshing native plugins compatible for Editor in 33.62 ms, found 0 plugins.
Preloading 0 native plugins for Editor in 0.00 ms.
Unable to find bridge dll in registry for Microsoft Visual Studio Tools for Unity for C:/Program Files (x86)/Microsoft Visual Studio/2019/Community/Common7/IDE/devenv.exe
Unable to find bridge dll in registry for Microsoft Visual Studio Tools for Unity for C:/Program Files (x86)/Microsoft Visual Studio/2019/Community/Common7/IDE/devenv.exe
Unable to find bridge dll in registry for Microsoft Visual Studio Tools for Unity for C:/Program Files (x86)/Microsoft Visual Studio/2019/Community/Common7/IDE/devenv.exe
Unable to find bridge dll in registry for Microsoft Visual Studio Tools for Unity for C:/Program Files (x86)/Microsoft Visual Studio/2019/Community/Common7/IDE/devenv.exe
Mono: successfully reloaded assembly
- Completed reload, in  1.223 seconds
Registering precompiled user dll's ...
Registered in 0.103661 seconds.
Platform modules already initialized, skipping
Begin MonoManager ReloadAssembly
Symbol file LoadedFromMemory doesn't match image C:\Users\junhyunpark\Unity Projects\Pixel-Horror-Game\Library\PackageCache\com.unity.ext.nunit@1.0.0\net35\unity-custom\nunit.framework.dll
Native extension for Android target not found
Native extension for WindowsStandalone target not found
Refreshing native plugins compatible for Editor in 0.30 ms, found 0 plugins.
Preloading 0 native plugins for Editor in 0.00 ms.
Unable to find bridge dll in registry for Microsoft Visual Studio Tools for Unity for C:/Program Files (x86)/Microsoft Visual Studio/2019/Community/Common7/IDE/devenv.exe
Unable to find bridge dll in registry for Microsoft Visual Studio Tools for Unity for C:/Program Files (x86)/Microsoft Visual Studio/2019/Community/Common7/IDE/devenv.exe
Unable to find bridge dll in registry for Microsoft Visual Studio Tools for Unity for C:/Program Files (x86)/Microsoft Visual Studio/2019/Community/Common7/IDE/devenv.exe
Unable to find bridge dll in registry for Microsoft Visual Studio Tools for Unity for C:/Program Files (x86)/Microsoft Visual Studio/2019/Community/Common7/IDE/devenv.exe
Mono: successfully reloaded assembly
- Completed reload, in  1.159 seconds
Platform modules already initialized, skipping
Refreshing native plugins compatible for Editor in 0.35 ms, found 0 plugins.
Preloading 0 native plugins for Editor in 0.00 ms.
Unloading 17 Unused Serialized files (Serialized files now loaded: 0)
System memory in use before: 56.1 MB.
System memory in use after: 55.2 MB.

Unloading 16 unused Assets to reduce memory usage. Loaded Objects now: 1903.
Total: 2.185800 ms (FindLiveObjects: 0.296500 ms CreateObjectMapping: 0.043900 ms MarkObjects: 1.167100 ms  DeleteObjects: 0.677300 ms)

========================================================================
Received Import Request.
  Time since last request: 84.614746 seconds.
  path: Assets/hideUI.cs
  artifactKey: Guid(e8994a42d7aba2a4087a96c8e376c9ec) Importer(2089858483,3291a93977bff14cd8133371a99a42d2)
Start importing Assets/hideUI.cs using Guid(e8994a42d7aba2a4087a96c8e376c9ec) Importer(2089858483,3291a93977bff14cd8133371a99a42d2)

Generated asset (ASIEI01) VirtualArtifacts/NamedExtra/0f5560a085548654ea1ed6efaca1542d.asset.1.index for Assets/hideUI.cs with Types
Done importing asset: 'Assets/hideUI.cs' (target hash: 'e60f086d4a67f4fa6555443c16c46f88') in 0.062192 seconds
  Import took 0.065306 seconds.

========================================================================
Received Prepare
Reloading mono domain
Begin MonoManager ReloadAssembly
Registering precompiled unity dll's ...
Register platform support module: C:/Program Files/2019.3.13f1/Editor/Data/PlaybackEngines/WindowsStandaloneSupport/UnityEditor.WindowsStandalone.Extensions.dll
Register platform support module: C:/Program Files/2019.3.13f1/Editor/Data/PlaybackEngines/AndroidPlayer/UnityEditor.Android.Extensions.dll
Registered in 0.004426 seconds.
Symbol file LoadedFromMemory doesn't match image C:\Users\junhyunpark\Unity Projects\Pixel-Horror-Game\Library\PackageCache\com.unity.ext.nunit@1.0.0\net35\unity-custom\nunit.framework.dll
Native extension for Android target not found
Native extension for WindowsStandalone target not found
Refreshing native plugins compatible for Editor in 27.12 ms, found 0 plugins.
Preloading 0 native plugins for Editor in 0.00 ms.
Unable to find bridge dll in registry for Microsoft Visual Studio Tools for Unity for C:/Program Files (x86)/Microsoft Visual Studio/2019/Community/Common7/IDE/devenv.exe
Unable to find bridge dll in registry for Microsoft Visual Studio Tools for Unity for C:/Program Files (x86)/Microsoft Visual Studio/2019/Community/Common7/IDE/devenv.exe
Unable to find bridge dll in registry for Microsoft Visual Studio Tools for Unity for C:/Program Files (x86)/Microsoft Visual Studio/2019/Community/Common7/IDE/devenv.exe
Unable to find bridge dll in registry for Microsoft Visual Studio Tools for Unity for C:/Program Files (x86)/Microsoft Visual Studio/2019/Community/Common7/IDE/devenv.exe
Unable to find bridge dll in registry for Microsoft Visual Studio Tools for Unity for C:/Program Files (x86)/Microsoft Visual Studio/2019/Community/Common7/IDE/devenv.exe
Mono: successfully reloaded assembly
- Completed reload, in  1.369 seconds
Registering precompiled user dll's ...
Registered in 0.123150 seconds.
Platform modules already initialized, skipping
Begin MonoManager ReloadAssembly
Symbol file LoadedFromMemory doesn't match image C:\Users\junhyunpark\Unity Projects\Pixel-Horror-Game\Library\PackageCache\com.unity.ext.nunit@1.0.0\net35\unity-custom\nunit.framework.dll
Native extension for Android target not found
Native extension for WindowsStandalone target not found
Refreshing native plugins compatible for Editor in 0.29 ms, found 0 plugins.
Preloading 0 native plugins for Editor in 0.00 ms.
Unable to find bridge dll in registry for Microsoft Visual Studio Tools for Unity for C:/Program Files (x86)/Microsoft Visual Studio/2019/Community/Common7/IDE/devenv.exe
Unable to find bridge dll in registry for Microsoft Visual Studio Tools for Unity for C:/Program Files (x86)/Microsoft Visual Studio/2019/Community/Common7/IDE/devenv.exe
Unable to find bridge dll in registry for Microsoft Visual Studio Tools for Unity for C:/Program Files (x86)/Microsoft Visual Studio/2019/Community/Common7/IDE/devenv.exe
Unable to find bridge dll in registry for Microsoft Visual Studio Tools for Unity for C:/Program Files (x86)/Microsoft Visual Studio/2019/Community/Common7/IDE/devenv.exe
Unable to find bridge dll in registry for Microsoft Visual Studio Tools for Unity for C:/Program Files (x86)/Microsoft Visual Studio/2019/Community/Common7/IDE/devenv.exe
Mono: successfully reloaded assembly
- Completed reload, in  1.296 seconds
Platform modules already initialized, skipping
Refreshing native plugins compatible for Editor in 0.39 ms, found 0 plugins.
Preloading 0 native plugins for Editor in 0.00 ms.
Unloading 18 Unused Serialized files (Serialized files now loaded: 0)
System memory in use before: 56.1 MB.
System memory in use after: 55.3 MB.

Unloading 16 unused Assets to reduce memory usage. Loaded Objects now: 1910.
Total: 1.989400 ms (FindLiveObjects: 0.266500 ms CreateObjectMapping: 0.040600 ms MarkObjects: 1.033500 ms  DeleteObjects: 0.648400 ms)

========================================================================
Received Prepare
Reloading mono domain
Begin MonoManager ReloadAssembly
Registering precompiled unity dll's ...
Register platform support module: C:/Program Files/2019.3.13f1/Editor/Data/PlaybackEngines/WindowsStandaloneSupport/UnityEditor.WindowsStandalone.Extensions.dll
Register platform support module: C:/Program Files/2019.3.13f1/Editor/Data/PlaybackEngines/AndroidPlayer/UnityEditor.Android.Extensions.dll
Registered in 0.005424 seconds.
Symbol file LoadedFromMemory doesn't match image C:\Users\junhyunpark\Unity Projects\Pixel-Horror-Game\Library\PackageCache\com.unity.ext.nunit@1.0.0\net35\unity-custom\nunit.framework.dll
Native extension for Android target not found
Native extension for WindowsStandalone target not found
Refreshing native plugins compatible for Editor in 24.51 ms, found 0 plugins.
Preloading 0 native plugins for Editor in 0.00 ms.
Unable to find bridge dll in registry for Microsoft Visual Studio Tools for Unity for C:/Program Files (x86)/Microsoft Visual Studio/2019/Community/Common7/IDE/devenv.exe
Unable to find bridge dll in registry for Microsoft Visual Studio Tools for Unity for C:/Program Files (x86)/Microsoft Visual Studio/2019/Community/Common7/IDE/devenv.exe
Unable to find bridge dll in registry for Microsoft Visual Studio Tools for Unity for C:/Program Files (x86)/Microsoft Visual Studio/2019/Community/Common7/IDE/devenv.exe
Unable to find bridge dll in registry for Microsoft Visual Studio Tools for Unity for C:/Program Files (x86)/Microsoft Visual Studio/2019/Community/Common7/IDE/devenv.exe
Unable to find bridge dll in registry for Microsoft Visual Studio Tools for Unity for C:/Program Files (x86)/Microsoft Visual Studio/2019/Community/Common7/IDE/devenv.exe
Unable to find bridge dll in registry for Microsoft Visual Studio Tools for Unity for C:/Program Files (x86)/Microsoft Visual Studio/2019/Community/Common7/IDE/devenv.exe
Mono: successfully reloaded assembly
- Completed reload, in  1.442 seconds
Registering precompiled user dll's ...
Registered in 0.115567 seconds.
Platform modules already initialized, skipping
Begin MonoManager ReloadAssembly
Symbol file LoadedFromMemory doesn't match image C:\Users\junhyunpark\Unity Projects\Pixel-Horror-Game\Library\PackageCache\com.unity.ext.nunit@1.0.0\net35\unity-custom\nunit.framework.dll
Native extension for Android target not found
Native extension for WindowsStandalone target not found
Refreshing native plugins compatible for Editor in 0.27 ms, found 0 plugins.
Preloading 0 native plugins for Editor in 0.00 ms.
Unable to find bridge dll in registry for Microsoft Visual Studio Tools for Unity for C:/Program Files (x86)/Microsoft Visual Studio/2019/Community/Common7/IDE/devenv.exe
Unable to find bridge dll in registry for Microsoft Visual Studio Tools for Unity for C:/Program Files (x86)/Microsoft Visual Studio/2019/Community/Common7/IDE/devenv.exe
Unable to find bridge dll in registry for Microsoft Visual Studio Tools for Unity for C:/Program Files (x86)/Microsoft Visual Studio/2019/Community/Common7/IDE/devenv.exe
Unable to find bridge dll in registry for Microsoft Visual Studio Tools for Unity for C:/Program Files (x86)/Microsoft Visual Studio/2019/Community/Common7/IDE/devenv.exe
Unable to find bridge dll in registry for Microsoft Visual Studio Tools for Unity for C:/Program Files (x86)/Microsoft Visual Studio/2019/Community/Common7/IDE/devenv.exe
Unable to find bridge dll in registry for Microsoft Visual Studio Tools for Unity for C:/Program Files (x86)/Microsoft Visual Studio/2019/Community/Common7/IDE/devenv.exe
Mono: successfully reloaded assembly
- Completed reload, in  1.402 seconds
Platform modules already initialized, skipping
Refreshing native plugins compatible for Editor in 0.26 ms, found 0 plugins.
Preloading 0 native plugins for Editor in 0.00 ms.
Unloading 17 Unused Serialized files (Serialized files now loaded: 0)
System memory in use before: 56.1 MB.
System memory in use after: 55.2 MB.

Unloading 16 unused Assets to reduce memory usage. Loaded Objects now: 1916.
Total: 2.243500 ms (FindLiveObjects: 0.301000 ms CreateObjectMapping: 0.045900 ms MarkObjects: 1.238500 ms  DeleteObjects: 0.656500 ms)

========================================================================
Received Import Request.
  Time since last request: 247.178258 seconds.
  path: Assets/hideUI.cs
  artifactKey: Guid(e8994a42d7aba2a4087a96c8e376c9ec) Importer(2089858483,3291a93977bff14cd8133371a99a42d2)
Start importing Assets/hideUI.cs using Guid(e8994a42d7aba2a4087a96c8e376c9ec) Importer(2089858483,3291a93977bff14cd8133371a99a42d2)

Generated asset (ASIEI01) VirtualArtifacts/NamedExtra/82579c2ada6f7b844b0eaed754cf9973.asset.1.index for Assets/hideUI.cs with Types
Done importing asset: 'Assets/hideUI.cs' (target hash: '450d4a0988c28925d29e5e1b6c5680c8') in 0.066086 seconds
  Import took 0.069257 seconds.

========================================================================
Received Import Request.
  Time since last request: 0.000459 seconds.
  path: Assets/Scripts/PushButton.cs
  artifactKey: Guid(e1394a89fd555674bb76e4a24e59e060) Importer(2089858483,3291a93977bff14cd8133371a99a42d2)
Start importing Assets/Scripts/PushButton.cs using Guid(e1394a89fd555674bb76e4a24e59e060) Importer(2089858483,3291a93977bff14cd8133371a99a42d2)

Generated asset (ASIEI01) VirtualArtifacts/NamedExtra/77787e2afd977d94aa17664c297c0baa.asset.1.index for Assets/Scripts/PushButton.cs with Types
Done importing asset: 'Assets/Scripts/PushButton.cs' (target hash: '2ff52221051d19b2826d6aabe343407f') in 0.009886 seconds
  Import took 0.013238 seconds.

========================================================================
Received Prepare
Reloading mono domain
Begin MonoManager ReloadAssembly
Registering precompiled unity dll's ...
Register platform support module: C:/Program Files/2019.3.13f1/Editor/Data/PlaybackEngines/WindowsStandaloneSupport/UnityEditor.WindowsStandalone.Extensions.dll
Register platform support module: C:/Program Files/2019.3.13f1/Editor/Data/PlaybackEngines/AndroidPlayer/UnityEditor.Android.Extensions.dll
Registered in 0.004503 seconds.
Symbol file LoadedFromMemory doesn't match image C:\Users\junhyunpark\Unity Projects\Pixel-Horror-Game\Library\PackageCache\com.unity.ext.nunit@1.0.0\net35\unity-custom\nunit.framework.dll
Native extension for Android target not found
Native extension for WindowsStandalone target not found
Refreshing native plugins compatible for Editor in 24.61 ms, found 0 plugins.
Preloading 0 native plugins for Editor in 0.00 ms.
Unable to find bridge dll in registry for Microsoft Visual Studio Tools for Unity for C:/Program Files (x86)/Microsoft Visual Studio/2019/Community/Common7/IDE/devenv.exe
Unable to find bridge dll in registry for Microsoft Visual Studio Tools for Unity for C:/Program Files (x86)/Microsoft Visual Studio/2019/Community/Common7/IDE/devenv.exe
Unable to find bridge dll in registry for Microsoft Visual Studio Tools for Unity for C:/Program Files (x86)/Microsoft Visual Studio/2019/Community/Common7/IDE/devenv.exe
Unable to find bridge dll in registry for Microsoft Visual Studio Tools for Unity for C:/Program Files (x86)/Microsoft Visual Studio/2019/Community/Common7/IDE/devenv.exe
Unable to find bridge dll in registry for Microsoft Visual Studio Tools for Unity for C:/Program Files (x86)/Microsoft Visual Studio/2019/Community/Common7/IDE/devenv.exe
Unable to find bridge dll in registry for Microsoft Visual Studio Tools for Unity for C:/Program Files (x86)/Microsoft Visual Studio/2019/Community/Common7/IDE/devenv.exe
Unable to find bridge dll in registry for Microsoft Visual Studio Tools for Unity for C:/Program Files (x86)/Microsoft Visual Studio/2019/Community/Common7/IDE/devenv.exe
Mono: successfully reloaded assembly
- Completed reload, in  1.529 seconds
Registering precompiled user dll's ...
Registered in 0.121796 seconds.
Platform modules already initialized, skipping
Begin MonoManager ReloadAssembly
Symbol file LoadedFromMemory doesn't match image C:\Users\junhyunpark\Unity Projects\Pixel-Horror-Game\Library\PackageCache\com.unity.ext.nunit@1.0.0\net35\unity-custom\nunit.framework.dll
AssetImportWorkerClient::OnTransportError - code=2 error=End of file
